[2020-03-30 12:23:55] Текст ошибки: Контроллер не найден: app\controllers\UserController | Файл: C:\OSPanel\domains\ishop2.loc\vendor\ishop\core\Router.php | Строка: 37 
==============
[2020-03-31 08:15:49] Текст ошибки: Страница не найдена | Файл: C:\OSPanel\domains\ishop2.loc\vendor\ishop\core\Router.php | Строка: 32 
==============
[2020-03-31 08:16:17] Текст ошибки: Class 'app\controllers\User' not found | Файл: C:\OSPanel\domains\ishop2.loc\app\controllers\UserController.php | Строка: 12 
==============
[2020-03-31 08:19:28] Текст ошибки: Class 'app\controllers\User' not found | Файл: C:\OSPanel\domains\ishop2.loc\app\controllers\UserController.php | Строка: 12 
==============
[2020-03-31 14:26:59] Текст ошибки: syntax error, unexpected 'Validator' (T_STRING) | Файл: C:\OSPanel\domains\ishop2.loc\vendor\ishop\core\base\Model.php | Строка: 33 
==============
[2020-03-31 18:54:35] Текст ошибки: SQLSTATE[23000]: Integrity constraint violation: 1062 Duplicate entry 'Superuser' for key 'login' | Файл: C:\OSPanel\domains\ishop2.loc\vendor\gabordemooij\redbean\RedBeanPHP\Driver\RPDO.php | Строка: 194 
==============
[2020-04-01 14:16:35] Текст ошибки: Страница не найдена | Файл: C:\OSPanel\domains\ishop2.loc\vendor\ishop\core\Router.php | Строка: 32 
==============
[2020-04-01 14:45:00] Текст ошибки: syntax error, unexpected '<', expecting end of file | Файл: C:\OSPanel\domains\ishop2.loc\app\views\User\login.php | Строка: 38 
==============
[2020-04-03 12:13:54] Текст ошибки: Метод viewAction в контроллере app\controllers\CartController не найден | Файл: C:\OSPanel\domains\ishop2.loc\vendor\ishop\core\Router.php | Строка: 42 
==============
[2020-04-03 12:24:14] Текст ошибки: Страница не найдена | Файл: C:\OSPanel\domains\ishop2.loc\vendor\ishop\core\Router.php | Строка: 32 
==============
[2020-04-03 12:24:14] Текст ошибки: Страница не найдена | Файл: C:\OSPanel\domains\ishop2.loc\vendor\ishop\core\Router.php | Строка: 32 
==============
[2020-04-03 12:24:15] Текст ошибки: Страница не найдена | Файл: C:\OSPanel\domains\ishop2.loc\vendor\ishop\core\Router.php | Строка: 32 
==============
[2020-04-03 12:33:12] Текст ошибки: Страница не найдена | Файл: C:\OSPanel\domains\ishop2.loc\vendor\ishop\core\Router.php | Строка: 32 
==============
[2020-04-03 14:32:46] Текст ошибки: Страница не найдена | Файл: C:\OSPanel\domains\ishop2.loc\vendor\ishop\core\Router.php | Строка: 32 
==============
[2020-04-03 14:35:44] Текст ошибки: SQLSTATE[42S02]: Base table or view not found: 1146 Table 'ishop2.order' doesn't exist | Файл: C:\OSPanel\domains\ishop2.loc\vendor\gabordemooij\redbean\RedBeanPHP\Driver\RPDO.php | Строка: 194 
==============
[2020-04-03 14:37:01] Текст ошибки: syntax error, unexpected ':', expecting ')' | Файл: C:\OSPanel\domains\ishop2.loc\app\views\Cart\view.php | Строка: 88 
==============
[2020-04-03 14:37:04] Текст ошибки: syntax error, unexpected ':', expecting ')' | Файл: C:\OSPanel\domains\ishop2.loc\app\views\Cart\view.php | Строка: 88 
==============
[2020-04-03 14:37:20] Текст ошибки: syntax error, unexpected ':', expecting ')' | Файл: C:\OSPanel\domains\ishop2.loc\app\views\Cart\view.php | Строка: 88 
==============
[2020-04-03 14:40:02] Текст ошибки: Invalid type: sale_order | Файл: C:\OSPanel\domains\ishop2.loc\vendor\gabordemooij\redbean\RedBeanPHP\Util\DispenseHelper.php | Строка: 77 
==============
[2020-04-03 14:43:31] Текст ошибки: Invalid type: sale_order | Файл: C:\OSPanel\domains\ishop2.loc\vendor\gabordemooij\redbean\RedBeanPHP\Util\DispenseHelper.php | Строка: 77 
==============
[2020-04-03 14:45:58] Текст ошибки: Invalid type: sale_order | Файл: C:\OSPanel\domains\ishop2.loc\vendor\gabordemooij\redbean\RedBeanPHP\Util\DispenseHelper.php | Строка: 77 
==============
[2020-04-03 14:47:36] Текст ошибки: Invalid type: sale_order | Файл: C:\OSPanel\domains\ishop2.loc\vendor\gabordemooij\redbean\RedBeanPHP\Util\DispenseHelper.php | Строка: 77 
==============
[2020-04-03 14:54:36] Текст ошибки: Invalid type: sale_order | Файл: C:\OSPanel\domains\ishop2.loc\vendor\gabordemooij\redbean\RedBeanPHP\Util\DispenseHelper.php | Строка: 77 
==============
[2020-04-03 14:55:56] Текст ошибки: Invalid type: sale_order | Файл: C:\OSPanel\domains\ishop2.loc\vendor\gabordemooij\redbean\RedBeanPHP\Util\DispenseHelper.php | Строка: 77 
==============
[2020-04-03 14:58:09] Текст ошибки: Invalid type: sale_order | Файл: C:\OSPanel\domains\ishop2.loc\vendor\gabordemooij\redbean\RedBeanPHP\Util\DispenseHelper.php | Строка: 77 
==============
[2020-04-03 15:00:49] Текст ошибки: Invalid type: sale_order | Файл: C:\OSPanel\domains\ishop2.loc\vendor\gabordemooij\redbean\RedBeanPHP\Util\DispenseHelper.php | Строка: 77 
==============
[2020-04-04 10:47:05] Текст ошибки: SQLSTATE[01000]: Warning: 1265 Data truncated for column 'status' at row 1 | Файл: C:\OSPanel\domains\ishop2.loc\vendor\gabordemooij\redbean\RedBeanPHP\Driver\RPDO.php | Строка: 194 
==============
[2020-04-04 10:48:17] Текст ошибки: SQLSTATE[01000]: Warning: 1265 Data truncated for column 'status' at row 1 | Файл: C:\OSPanel\domains\ishop2.loc\vendor\gabordemooij\redbean\RedBeanPHP\Driver\RPDO.php | Строка: 194 
==============
[2020-04-04 10:48:51] Текст ошибки: SQLSTATE[01000]: Warning: 1265 Data truncated for column 'status' at row 1 | Файл: C:\OSPanel\domains\ishop2.loc\vendor\gabordemooij\redbean\RedBeanPHP\Driver\RPDO.php | Строка: 194 
==============
[2020-04-04 10:52:45] Текст ошибки: SQLSTATE[01000]: Warning: 1265 Data truncated for column 'status' at row 1 | Файл: C:\OSPanel\domains\ishop2.loc\vendor\gabordemooij\redbean\RedBeanPHP\Driver\RPDO.php | Строка: 194 
==============
[2020-04-04 11:05:49] Текст ошибки: SQLSTATE[01000]: Warning: 1265 Data truncated for column 'status' at row 1 | Файл: C:\OSPanel\domains\ishop2.loc\vendor\gabordemooij\redbean\RedBeanPHP\Driver\RPDO.php | Строка: 194 
==============
[2020-04-04 11:06:36] Текст ошибки: SQLSTATE[01000]: Warning: 1265 Data truncated for column 'status' at row 1 | Файл: C:\OSPanel\domains\ishop2.loc\vendor\gabordemooij\redbean\RedBeanPHP\Driver\RPDO.php | Строка: 194 
==============
[2020-04-04 11:18:33] Текст ошибки: SQLSTATE[01000]: Warning: 1265 Data truncated for column 'status' at row 1 | Файл: C:\OSPanel\domains\ishop2.loc\vendor\gabordemooij\redbean\RedBeanPHP\Driver\RPDO.php | Строка: 194 
==============
[2020-04-04 12:23:34] Текст ошибки: Call to undefined function app\models\rtirm() | Файл: C:\OSPanel\domains\ishop2.loc\app\models\Order.php | Строка: 31 
==============
[2020-04-04 12:44:54] Текст ошибки: SQLSTATE[42000]: Syntax error or access violation: 1064 You have an error in your SQL syntax; check the manual that corresponds to your MySQL server version for the right syntax to use near 'G-SHOCK GMW-B5000D-1E, 289.52),(31, 2, 1, Casio G-SHOCK GST-B200-1AER, 246.4),(3' at line 1 | Файл: C:\OSPanel\domains\ishop2.loc\vendor\gabordemooij\redbean\RedBeanPHP\Driver\RPDO.php | Строка: 194 
==============
[2020-04-04 12:53:25] Текст ошибки: SQLSTATE[42000]: Syntax error or access violation: 1064 You have an error in your SQL syntax; check the manual that corresponds to your MySQL server version for the right syntax to use near 'G-SHOCK GMW-B5000D-1E, 289.52)' at line 1 | Файл: C:\OSPanel\domains\ishop2.loc\vendor\gabordemooij\redbean\RedBeanPHP\Driver\RPDO.php | Строка: 194 
==============
[2020-04-05 14:36:42] Текст ошибки: syntax error, unexpected '->' (T_OBJECT_OPERATOR) | Файл: C:\OSPanel\domains\ishop2.loc\app\models\Order.php | Строка: 58 
==============
[2020-04-05 18:00:03] Текст ошибки: Connection could not be established with host smtp.mailtrap.io :stream_socket_client(): SSL operation failed with code 1. OpenSSL Error messages:
error:1408F10B:SSL routines:ssl3_get_record:wrong version number | Файл: C:\OSPanel\domains\ishop2.loc\vendor\swiftmailer\swiftmailer\lib\classes\Swift\Transport\StreamBuffer.php | Строка: 269 
==============
[2020-04-05 18:02:53] Текст ошибки: Метод indexAction в контроллере app\controllers\CartController не найден | Файл: C:\OSPanel\domains\ishop2.loc\vendor\ishop\core\Router.php | Строка: 42 
==============
[2020-04-05 18:05:21] Текст ошибки: Страница не найдена | Файл: C:\OSPanel\domains\ishop2.loc\vendor\ishop\core\Router.php | Строка: 32 
==============
[2020-04-06 18:54:59] Текст ошибки: Страница не найдена | Файл: C:\OSPanel\domains\ishop2.loc\vendor\ishop\core\Router.php | Строка: 32 
==============
[2020-04-06 18:55:07] Текст ошибки: Страница не найдена | Файл: C:\OSPanel\domains\ishop2.loc\vendor\ishop\core\Router.php | Строка: 32 
==============
[2020-04-06 18:56:15] Текст ошибки: Страница не найдена | Файл: C:\OSPanel\domains\ishop2.loc\vendor\ishop\core\Router.php | Строка: 32 
==============
[2020-04-06 18:56:43] Текст ошибки: Страница не найдена | Файл: C:\OSPanel\domains\ishop2.loc\vendor\ishop\core\Router.php | Строка: 32 
==============
[2020-04-06 18:57:14] Текст ошибки: Страница не найдена | Файл: C:\OSPanel\domains\ishop2.loc\vendor\ishop\core\Router.php | Строка: 32 
==============
[2020-04-06 18:58:25] Текст ошибки: Страница не найдена | Файл: C:\OSPanel\domains\ishop2.loc\vendor\ishop\core\Router.php | Строка: 32 
==============
[2020-04-06 18:58:38] Текст ошибки: Страница не найдена | Файл: C:\OSPanel\domains\ishop2.loc\vendor\ishop\core\Router.php | Строка: 32 
==============
[2020-04-06 18:59:08] Текст ошибки: Страница не найдена | Файл: C:\OSPanel\domains\ishop2.loc\vendor\ishop\core\Router.php | Строка: 32 
==============
[2020-04-06 18:59:12] Текст ошибки: Страница не найдена | Файл: C:\OSPanel\domains\ishop2.loc\vendor\ishop\core\Router.php | Строка: 32 
==============
[2020-04-06 18:59:13] Текст ошибки: Страница не найдена | Файл: C:\OSPanel\domains\ishop2.loc\vendor\ishop\core\Router.php | Строка: 32 
==============
[2020-04-06 18:59:16] Текст ошибки: Страница не найдена | Файл: C:\OSPanel\domains\ishop2.loc\vendor\ishop\core\Router.php | Строка: 32 
==============
[2020-04-06 18:59:24] Текст ошибки: Страница не найдена | Файл: C:\OSPanel\domains\ishop2.loc\vendor\ishop\core\Router.php | Строка: 32 
==============
[2020-04-06 18:59:27] Текст ошибки: Страница не найдена | Файл: C:\OSPanel\domains\ishop2.loc\vendor\ishop\core\Router.php | Строка: 32 
==============
[2020-04-06 18:59:29] Текст ошибки: Страница не найдена | Файл: C:\OSPanel\domains\ishop2.loc\vendor\ishop\core\Router.php | Строка: 32 
==============
[2020-04-06 19:00:14] Текст ошибки: Страница не найдена | Файл: C:\OSPanel\domains\ishop2.loc\vendor\ishop\core\Router.php | Строка: 32 
==============
[2020-04-06 19:00:20] Текст ошибки: Страница не найдена | Файл: C:\OSPanel\domains\ishop2.loc\vendor\ishop\core\Router.php | Строка: 32 
==============
[2020-04-11 10:00:17] Текст ошибки: Call to undefined method ishop\Cache::getProperties() | Файл: C:\OSPanel\domains\ishop2.loc\app\widgets\filter\Filter.php | Строка: 80 
==============
[2020-04-11 10:00:37] Текст ошибки: Call to undefined method ishop\Cache::getPropeties() | Файл: C:\OSPanel\domains\ishop2.loc\app\widgets\filter\Filter.php | Строка: 80 
==============
[2020-04-11 10:01:06] Текст ошибки: Call to undefined method ishop\Cache::getPropeties() | Файл: C:\OSPanel\domains\ishop2.loc\app\widgets\filter\Filter.php | Строка: 80 
==============
[2020-04-11 10:01:10] Текст ошибки: Call to undefined method ishop\Cache::getPropeties() | Файл: C:\OSPanel\domains\ishop2.loc\app\widgets\filter\Filter.php | Строка: 80 
==============
[2020-04-11 10:01:57] Текст ошибки: Call to undefined method ishop\Cache::getPropeties() | Файл: C:\OSPanel\domains\ishop2.loc\app\widgets\filter\Filter.php | Строка: 79 
==============
[2020-04-11 10:23:54] Текст ошибки: SQLSTATE[42000]: Syntax error or access violation: 1064 You have an error in your SQL syntax; check the manual that corresponds to your MySQL server version for the right syntax to use near '' at line 1 | Файл: C:\OSPanel\domains\ishop2.loc\vendor\gabordemooij\redbean\RedBeanPHP\Driver\RPDO.php | Строка: 194 
==============
[2020-04-11 10:24:59] Текст ошибки: SQLSTATE[42000]: Syntax error or access violation: 1064 You have an error in your SQL syntax; check the manual that corresponds to your MySQL server version for the right syntax to use near '' at line 1 | Файл: C:\OSPanel\domains\ishop2.loc\vendor\gabordemooij\redbean\RedBeanPHP\Driver\RPDO.php | Строка: 194 
==============
[2020-04-11 10:25:35] Текст ошибки: SQLSTATE[42000]: Syntax error or access violation: 1064 You have an error in your SQL syntax; check the manual that corresponds to your MySQL server version for the right syntax to use near '' at line 1 | Файл: C:\OSPanel\domains\ishop2.loc\vendor\gabordemooij\redbean\RedBeanPHP\Driver\RPDO.php | Строка: 194 
==============
[2020-04-11 10:25:37] Текст ошибки: SQLSTATE[42000]: Syntax error or access violation: 1064 You have an error in your SQL syntax; check the manual that corresponds to your MySQL server version for the right syntax to use near '' at line 1 | Файл: C:\OSPanel\domains\ishop2.loc\vendor\gabordemooij\redbean\RedBeanPHP\Driver\RPDO.php | Строка: 194 
==============
[2020-04-11 10:25:43] Текст ошибки: SQLSTATE[42000]: Syntax error or access violation: 1064 You have an error in your SQL syntax; check the manual that corresponds to your MySQL server version for the right syntax to use near '' at line 1 | Файл: C:\OSPanel\domains\ishop2.loc\vendor\gabordemooij\redbean\RedBeanPHP\Driver\RPDO.php | Строка: 194 
==============
[2020-04-11 10:25:54] Текст ошибки: SQLSTATE[42000]: Syntax error or access violation: 1064 You have an error in your SQL syntax; check the manual that corresponds to your MySQL server version for the right syntax to use near '' at line 1 | Файл: C:\OSPanel\domains\ishop2.loc\vendor\gabordemooij\redbean\RedBeanPHP\Driver\RPDO.php | Строка: 194 
==============
[2020-04-20 08:24:44] Текст ошибки: Контроллер не найден: app\controllers\admin\MainController | Файл: C:\OSPanel\domains\ishop2.loc\vendor\ishop\core\Router.php | Строка: 37 
==============
[2020-04-20 08:24:44] Текст ошибки: Страница не найдена | Файл: C:\OSPanel\domains\ishop2.loc\vendor\ishop\core\Router.php | Строка: 32 
==============
[2020-04-20 09:01:56] Текст ошибки: Страница не найдена | Файл: C:\OSPanel\domains\ishop2.loc\vendor\ishop\core\Router.php | Строка: 32 
==============
[2020-04-20 09:01:58] Текст ошибки: Страница не найдена | Файл: C:\OSPanel\domains\ishop2.loc\vendor\ishop\core\Router.php | Строка: 32 
==============
[2020-04-20 09:01:58] Текст ошибки: Страница не найдена | Файл: C:\OSPanel\domains\ishop2.loc\vendor\ishop\core\Router.php | Строка: 32 
==============
[2020-04-20 09:01:59] Текст ошибки: Страница не найдена | Файл: C:\OSPanel\domains\ishop2.loc\vendor\ishop\core\Router.php | Строка: 32 
==============
[2020-04-20 09:01:59] Текст ошибки: Страница не найдена | Файл: C:\OSPanel\domains\ishop2.loc\vendor\ishop\core\Router.php | Строка: 32 
==============
[2020-04-20 09:01:59] Текст ошибки: Страница не найдена | Файл: C:\OSPanel\domains\ishop2.loc\vendor\ishop\core\Router.php | Строка: 32 
==============
[2020-04-20 09:01:59] Текст ошибки: Страница не найдена | Файл: C:\OSPanel\domains\ishop2.loc\vendor\ishop\core\Router.php | Строка: 32 
==============
[2020-04-20 09:01:59] Текст ошибки: Страница не найдена | Файл: C:\OSPanel\domains\ishop2.loc\vendor\ishop\core\Router.php | Строка: 32 
==============
[2020-04-20 09:01:59] Текст ошибки: Страница не найдена | Файл: C:\OSPanel\domains\ishop2.loc\vendor\ishop\core\Router.php | Строка: 32 
==============
[2020-04-20 09:01:59] Текст ошибки: Страница не найдена | Файл: C:\OSPanel\domains\ishop2.loc\vendor\ishop\core\Router.php | Строка: 32 
==============
[2020-04-20 09:01:59] Текст ошибки: Страница не найдена | Файл: C:\OSPanel\domains\ishop2.loc\vendor\ishop\core\Router.php | Строка: 32 
==============
[2020-04-20 09:01:59] Текст ошибки: Страница не найдена | Файл: C:\OSPanel\domains\ishop2.loc\vendor\ishop\core\Router.php | Строка: 32 
==============
[2020-04-20 09:01:59] Текст ошибки: Страница не найдена | Файл: C:\OSPanel\domains\ishop2.loc\vendor\ishop\core\Router.php | Строка: 32 
==============
[2020-04-20 09:01:59] Текст ошибки: Страница не найдена | Файл: C:\OSPanel\domains\ishop2.loc\vendor\ishop\core\Router.php | Строка: 32 
==============
[2020-04-20 09:01:59] Текст ошибки: Страница не найдена | Файл: C:\OSPanel\domains\ishop2.loc\vendor\ishop\core\Router.php | Строка: 32 
==============
[2020-04-20 09:01:59] Текст ошибки: Страница не найдена | Файл: C:\OSPanel\domains\ishop2.loc\vendor\ishop\core\Router.php | Строка: 32 
==============
[2020-04-20 09:01:59] Текст ошибки: Страница не найдена | Файл: C:\OSPanel\domains\ishop2.loc\vendor\ishop\core\Router.php | Строка: 32 
==============
[2020-04-20 09:01:59] Текст ошибки: Страница не найдена | Файл: C:\OSPanel\domains\ishop2.loc\vendor\ishop\core\Router.php | Строка: 32 
==============
[2020-04-20 09:01:59] Текст ошибки: Страница не найдена | Файл: C:\OSPanel\domains\ishop2.loc\vendor\ishop\core\Router.php | Строка: 32 
==============
[2020-04-20 09:01:59] Текст ошибки: Страница не найдена | Файл: C:\OSPanel\domains\ishop2.loc\vendor\ishop\core\Router.php | Строка: 32 
==============
[2020-04-20 09:01:59] Текст ошибки: Страница не найдена | Файл: C:\OSPanel\domains\ishop2.loc\vendor\ishop\core\Router.php | Строка: 32 
==============
[2020-04-20 09:01:59] Текст ошибки: Страница не найдена | Файл: C:\OSPanel\domains\ishop2.loc\vendor\ishop\core\Router.php | Строка: 32 
==============
[2020-04-20 09:01:59] Текст ошибки: Страница не найдена | Файл: C:\OSPanel\domains\ishop2.loc\vendor\ishop\core\Router.php | Строка: 32 
==============
[2020-04-20 09:01:59] Текст ошибки: Страница не найдена | Файл: C:\OSPanel\domains\ishop2.loc\vendor\ishop\core\Router.php | Строка: 32 
==============
[2020-04-20 09:01:59] Текст ошибки: Страница не найдена | Файл: C:\OSPanel\domains\ishop2.loc\vendor\ishop\core\Router.php | Строка: 32 
==============
[2020-04-20 09:01:59] Текст ошибки: Страница не найдена | Файл: C:\OSPanel\domains\ishop2.loc\vendor\ishop\core\Router.php | Строка: 32 
==============
[2020-04-20 09:01:59] Текст ошибки: Страница не найдена | Файл: C:\OSPanel\domains\ishop2.loc\vendor\ishop\core\Router.php | Строка: 32 
==============
[2020-04-20 09:01:59] Текст ошибки: Страница не найдена | Файл: C:\OSPanel\domains\ishop2.loc\vendor\ishop\core\Router.php | Строка: 32 
==============
[2020-04-20 09:01:59] Текст ошибки: Страница не найдена | Файл: C:\OSPanel\domains\ishop2.loc\vendor\ishop\core\Router.php | Строка: 32 
==============
[2020-04-20 09:01:59] Текст ошибки: Страница не найдена | Файл: C:\OSPanel\domains\ishop2.loc\vendor\ishop\core\Router.php | Строка: 32 
==============
[2020-04-20 09:01:59] Текст ошибки: Страница не найдена | Файл: C:\OSPanel\domains\ishop2.loc\vendor\ishop\core\Router.php | Строка: 32 
==============
[2020-04-20 09:02:00] Текст ошибки: Страница не найдена | Файл: C:\OSPanel\domains\ishop2.loc\vendor\ishop\core\Router.php | Строка: 32 
==============
[2020-04-20 09:02:00] Текст ошибки: Страница не найдена | Файл: C:\OSPanel\domains\ishop2.loc\vendor\ishop\core\Router.php | Строка: 32 
==============
[2020-04-20 09:02:00] Текст ошибки: Страница не найдена | Файл: C:\OSPanel\domains\ishop2.loc\vendor\ishop\core\Router.php | Строка: 32 
==============
[2020-04-20 09:02:00] Текст ошибки: Страница не найдена | Файл: C:\OSPanel\domains\ishop2.loc\vendor\ishop\core\Router.php | Строка: 32 
==============
[2020-04-20 09:02:00] Текст ошибки: Страница не найдена | Файл: C:\OSPanel\domains\ishop2.loc\vendor\ishop\core\Router.php | Строка: 32 
==============
[2020-04-20 09:02:00] Текст ошибки: Страница не найдена | Файл: C:\OSPanel\domains\ishop2.loc\vendor\ishop\core\Router.php | Строка: 32 
==============
[2020-04-20 09:02:55] Текст ошибки: Страница не найдена | Файл: C:\OSPanel\domains\ishop2.loc\vendor\ishop\core\Router.php | Строка: 32 
==============
[2020-04-20 09:02:55] Текст ошибки: Страница не найдена | Файл: C:\OSPanel\domains\ishop2.loc\vendor\ishop\core\Router.php | Строка: 32 
==============
[2020-04-20 09:02:55] Текст ошибки: Страница не найдена | Файл: C:\OSPanel\domains\ishop2.loc\vendor\ishop\core\Router.php | Строка: 32 
==============
[2020-04-20 09:02:55] Текст ошибки: Страница не найдена | Файл: C:\OSPanel\domains\ishop2.loc\vendor\ishop\core\Router.php | Строка: 32 
==============
[2020-04-20 09:02:55] Текст ошибки: Страница не найдена | Файл: C:\OSPanel\domains\ishop2.loc\vendor\ishop\core\Router.php | Строка: 32 
==============
[2020-04-20 09:02:55] Текст ошибки: Страница не найдена | Файл: C:\OSPanel\domains\ishop2.loc\vendor\ishop\core\Router.php | Строка: 32 
==============
[2020-04-20 09:02:55] Текст ошибки: Страница не найдена | Файл: C:\OSPanel\domains\ishop2.loc\vendor\ishop\core\Router.php | Строка: 32 
==============
[2020-04-20 09:02:55] Текст ошибки: Страница не найдена | Файл: C:\OSPanel\domains\ishop2.loc\vendor\ishop\core\Router.php | Строка: 32 
==============
[2020-04-20 09:02:55] Текст ошибки: Страница не найдена | Файл: C:\OSPanel\domains\ishop2.loc\vendor\ishop\core\Router.php | Строка: 32 
==============
[2020-04-20 09:02:55] Текст ошибки: Страница не найдена | Файл: C:\OSPanel\domains\ishop2.loc\vendor\ishop\core\Router.php | Строка: 32 
==============
[2020-04-20 09:02:56] Текст ошибки: Страница не найдена | Файл: C:\OSPanel\domains\ishop2.loc\vendor\ishop\core\Router.php | Строка: 32 
==============
[2020-04-20 09:02:56] Текст ошибки: Страница не найдена | Файл: C:\OSPanel\domains\ishop2.loc\vendor\ishop\core\Router.php | Строка: 32 
==============
[2020-04-20 09:02:56] Текст ошибки: Страница не найдена | Файл: C:\OSPanel\domains\ishop2.loc\vendor\ishop\core\Router.php | Строка: 32 
==============
[2020-04-20 09:02:56] Текст ошибки: Страница не найдена | Файл: C:\OSPanel\domains\ishop2.loc\vendor\ishop\core\Router.php | Строка: 32 
==============
[2020-04-20 09:02:56] Текст ошибки: Страница не найдена | Файл: C:\OSPanel\domains\ishop2.loc\vendor\ishop\core\Router.php | Строка: 32 
==============
[2020-04-20 09:02:56] Текст ошибки: Страница не найдена | Файл: C:\OSPanel\domains\ishop2.loc\vendor\ishop\core\Router.php | Строка: 32 
==============
[2020-04-20 09:02:56] Текст ошибки: Страница не найдена | Файл: C:\OSPanel\domains\ishop2.loc\vendor\ishop\core\Router.php | Строка: 32 
==============
[2020-04-20 09:02:56] Текст ошибки: Страница не найдена | Файл: C:\OSPanel\domains\ishop2.loc\vendor\ishop\core\Router.php | Строка: 32 
==============
[2020-04-20 09:02:56] Текст ошибки: Страница не найдена | Файл: C:\OSPanel\domains\ishop2.loc\vendor\ishop\core\Router.php | Строка: 32 
==============
[2020-04-20 09:02:56] Текст ошибки: Страница не найдена | Файл: C:\OSPanel\domains\ishop2.loc\vendor\ishop\core\Router.php | Строка: 32 
==============
[2020-04-20 09:02:56] Текст ошибки: Страница не найдена | Файл: C:\OSPanel\domains\ishop2.loc\vendor\ishop\core\Router.php | Строка: 32 
==============
[2020-04-20 09:02:56] Текст ошибки: Страница не найдена | Файл: C:\OSPanel\domains\ishop2.loc\vendor\ishop\core\Router.php | Строка: 32 
==============
[2020-04-20 09:02:56] Текст ошибки: Страница не найдена | Файл: C:\OSPanel\domains\ishop2.loc\vendor\ishop\core\Router.php | Строка: 32 
==============
[2020-04-20 09:02:56] Текст ошибки: Страница не найдена | Файл: C:\OSPanel\domains\ishop2.loc\vendor\ishop\core\Router.php | Строка: 32 
==============
[2020-04-20 09:02:56] Текст ошибки: Страница не найдена | Файл: C:\OSPanel\domains\ishop2.loc\vendor\ishop\core\Router.php | Строка: 32 
==============
[2020-04-20 09:02:56] Текст ошибки: Страница не найдена | Файл: C:\OSPanel\domains\ishop2.loc\vendor\ishop\core\Router.php | Строка: 32 
==============
[2020-04-20 09:02:56] Текст ошибки: Страница не найдена | Файл: C:\OSPanel\domains\ishop2.loc\vendor\ishop\core\Router.php | Строка: 32 
==============
[2020-04-20 09:02:56] Текст ошибки: Страница не найдена | Файл: C:\OSPanel\domains\ishop2.loc\vendor\ishop\core\Router.php | Строка: 32 
==============
[2020-04-20 09:02:56] Текст ошибки: Страница не найдена | Файл: C:\OSPanel\domains\ishop2.loc\vendor\ishop\core\Router.php | Строка: 32 
==============
[2020-04-20 09:02:57] Текст ошибки: Страница не найдена | Файл: C:\OSPanel\domains\ishop2.loc\vendor\ishop\core\Router.php | Строка: 32 
==============
[2020-04-20 09:02:57] Текст ошибки: Страница не найдена | Файл: C:\OSPanel\domains\ishop2.loc\vendor\ishop\core\Router.php | Строка: 32 
==============
[2020-04-20 09:02:57] Текст ошибки: Страница не найдена | Файл: C:\OSPanel\domains\ishop2.loc\vendor\ishop\core\Router.php | Строка: 32 
==============
[2020-04-20 09:04:26] Текст ошибки: Страница не найдена | Файл: C:\OSPanel\domains\ishop2.loc\vendor\ishop\core\Router.php | Строка: 32 
==============
[2020-04-20 09:04:26] Текст ошибки: Страница не найдена | Файл: C:\OSPanel\domains\ishop2.loc\vendor\ishop\core\Router.php | Строка: 32 
==============
[2020-04-20 09:04:27] Текст ошибки: Страница не найдена | Файл: C:\OSPanel\domains\ishop2.loc\vendor\ishop\core\Router.php | Строка: 32 
==============
[2020-04-20 09:04:27] Текст ошибки: Страница не найдена | Файл: C:\OSPanel\domains\ishop2.loc\vendor\ishop\core\Router.php | Строка: 32 
==============
[2020-04-20 09:04:27] Текст ошибки: Страница не найдена | Файл: C:\OSPanel\domains\ishop2.loc\vendor\ishop\core\Router.php | Строка: 32 
==============
[2020-04-20 09:04:27] Текст ошибки: Страница не найдена | Файл: C:\OSPanel\domains\ishop2.loc\vendor\ishop\core\Router.php | Строка: 32 
==============
[2020-04-20 09:04:27] Текст ошибки: Страница не найдена | Файл: C:\OSPanel\domains\ishop2.loc\vendor\ishop\core\Router.php | Строка: 32 
==============
[2020-04-20 09:04:27] Текст ошибки: Страница не найдена | Файл: C:\OSPanel\domains\ishop2.loc\vendor\ishop\core\Router.php | Строка: 32 
==============
[2020-04-20 09:04:27] Текст ошибки: Страница не найдена | Файл: C:\OSPanel\domains\ishop2.loc\vendor\ishop\core\Router.php | Строка: 32 
==============
[2020-04-20 09:04:27] Текст ошибки: Страница не найдена | Файл: C:\OSPanel\domains\ishop2.loc\vendor\ishop\core\Router.php | Строка: 32 
==============
[2020-04-20 09:04:27] Текст ошибки: Страница не найдена | Файл: C:\OSPanel\domains\ishop2.loc\vendor\ishop\core\Router.php | Строка: 32 
==============
[2020-04-20 09:04:27] Текст ошибки: Страница не найдена | Файл: C:\OSPanel\domains\ishop2.loc\vendor\ishop\core\Router.php | Строка: 32 
==============
[2020-04-20 09:04:27] Текст ошибки: Страница не найдена | Файл: C:\OSPanel\domains\ishop2.loc\vendor\ishop\core\Router.php | Строка: 32 
==============
[2020-04-20 09:04:27] Текст ошибки: Страница не найдена | Файл: C:\OSPanel\domains\ishop2.loc\vendor\ishop\core\Router.php | Строка: 32 
==============
[2020-04-20 09:04:27] Текст ошибки: Страница не найдена | Файл: C:\OSPanel\domains\ishop2.loc\vendor\ishop\core\Router.php | Строка: 32 
==============
[2020-04-20 09:04:27] Текст ошибки: Страница не найдена | Файл: C:\OSPanel\domains\ishop2.loc\vendor\ishop\core\Router.php | Строка: 32 
==============
[2020-04-20 09:04:28] Текст ошибки: Страница не найдена | Файл: C:\OSPanel\domains\ishop2.loc\vendor\ishop\core\Router.php | Строка: 32 
==============
[2020-04-20 09:04:28] Текст ошибки: Страница не найдена | Файл: C:\OSPanel\domains\ishop2.loc\vendor\ishop\core\Router.php | Строка: 32 
==============
[2020-04-20 09:04:28] Текст ошибки: Страница не найдена | Файл: C:\OSPanel\domains\ishop2.loc\vendor\ishop\core\Router.php | Строка: 32 
==============
[2020-04-20 09:04:28] Текст ошибки: Страница не найдена | Файл: C:\OSPanel\domains\ishop2.loc\vendor\ishop\core\Router.php | Строка: 32 
==============
[2020-04-20 09:04:28] Текст ошибки: Страница не найдена | Файл: C:\OSPanel\domains\ishop2.loc\vendor\ishop\core\Router.php | Строка: 32 
==============
[2020-04-20 09:04:28] Текст ошибки: Страница не найдена | Файл: C:\OSPanel\domains\ishop2.loc\vendor\ishop\core\Router.php | Строка: 32 
==============
[2020-04-20 09:04:28] Текст ошибки: Страница не найдена | Файл: C:\OSPanel\domains\ishop2.loc\vendor\ishop\core\Router.php | Строка: 32 
==============
[2020-04-20 09:04:28] Текст ошибки: Страница не найдена | Файл: C:\OSPanel\domains\ishop2.loc\vendor\ishop\core\Router.php | Строка: 32 
==============
[2020-04-20 09:04:28] Текст ошибки: Страница не найдена | Файл: C:\OSPanel\domains\ishop2.loc\vendor\ishop\core\Router.php | Строка: 32 
==============
[2020-04-20 09:04:28] Текст ошибки: Страница не найдена | Файл: C:\OSPanel\domains\ishop2.loc\vendor\ishop\core\Router.php | Строка: 32 
==============
[2020-04-20 09:04:28] Текст ошибки: Страница не найдена | Файл: C:\OSPanel\domains\ishop2.loc\vendor\ishop\core\Router.php | Строка: 32 
==============
[2020-04-20 09:04:28] Текст ошибки: Страница не найдена | Файл: C:\OSPanel\domains\ishop2.loc\vendor\ishop\core\Router.php | Строка: 32 
==============
[2020-04-20 09:04:28] Текст ошибки: Страница не найдена | Файл: C:\OSPanel\domains\ishop2.loc\vendor\ishop\core\Router.php | Строка: 32 
==============
[2020-04-20 09:04:28] Текст ошибки: Страница не найдена | Файл: C:\OSPanel\domains\ishop2.loc\vendor\ishop\core\Router.php | Строка: 32 
==============
[2020-04-20 09:04:28] Текст ошибки: Страница не найдена | Файл: C:\OSPanel\domains\ishop2.loc\vendor\ishop\core\Router.php | Строка: 32 
==============
[2020-04-20 09:04:31] Текст ошибки: Страница не найдена | Файл: C:\OSPanel\domains\ishop2.loc\vendor\ishop\core\Router.php | Строка: 32 
==============
[2020-04-20 09:04:31] Текст ошибки: Страница не найдена | Файл: C:\OSPanel\domains\ishop2.loc\vendor\ishop\core\Router.php | Строка: 32 
==============
[2020-04-20 09:04:31] Текст ошибки: Страница не найдена | Файл: C:\OSPanel\domains\ishop2.loc\vendor\ishop\core\Router.php | Строка: 32 
==============
[2020-04-20 09:04:31] Текст ошибки: Страница не найдена | Файл: C:\OSPanel\domains\ishop2.loc\vendor\ishop\core\Router.php | Строка: 32 
==============
[2020-04-20 09:04:31] Текст ошибки: Страница не найдена | Файл: C:\OSPanel\domains\ishop2.loc\vendor\ishop\core\Router.php | Строка: 32 
==============
[2020-04-20 09:04:31] Текст ошибки: Страница не найдена | Файл: C:\OSPanel\domains\ishop2.loc\vendor\ishop\core\Router.php | Строка: 32 
==============
[2020-04-20 09:04:31] Текст ошибки: Страница не найдена | Файл: C:\OSPanel\domains\ishop2.loc\vendor\ishop\core\Router.php | Строка: 32 
==============
[2020-04-20 09:04:31] Текст ошибки: Страница не найдена | Файл: C:\OSPanel\domains\ishop2.loc\vendor\ishop\core\Router.php | Строка: 32 
==============
[2020-04-20 09:04:31] Текст ошибки: Страница не найдена | Файл: C:\OSPanel\domains\ishop2.loc\vendor\ishop\core\Router.php | Строка: 32 
==============
[2020-04-20 09:04:31] Текст ошибки: Страница не найдена | Файл: C:\OSPanel\domains\ishop2.loc\vendor\ishop\core\Router.php | Строка: 32 
==============
[2020-04-20 09:04:31] Текст ошибки: Страница не найдена | Файл: C:\OSPanel\domains\ishop2.loc\vendor\ishop\core\Router.php | Строка: 32 
==============
[2020-04-20 09:04:31] Текст ошибки: Страница не найдена | Файл: C:\OSPanel\domains\ishop2.loc\vendor\ishop\core\Router.php | Строка: 32 
==============
[2020-04-20 09:04:31] Текст ошибки: Страница не найдена | Файл: C:\OSPanel\domains\ishop2.loc\vendor\ishop\core\Router.php | Строка: 32 
==============
[2020-04-20 09:04:31] Текст ошибки: Страница не найдена | Файл: C:\OSPanel\domains\ishop2.loc\vendor\ishop\core\Router.php | Строка: 32 
==============
[2020-04-20 09:04:31] Текст ошибки: Страница не найдена | Файл: C:\OSPanel\domains\ishop2.loc\vendor\ishop\core\Router.php | Строка: 32 
==============
[2020-04-20 09:04:31] Текст ошибки: Страница не найдена | Файл: C:\OSPanel\domains\ishop2.loc\vendor\ishop\core\Router.php | Строка: 32 
==============
[2020-04-20 09:04:31] Текст ошибки: Страница не найдена | Файл: C:\OSPanel\domains\ishop2.loc\vendor\ishop\core\Router.php | Строка: 32 
==============
[2020-04-20 09:04:31] Текст ошибки: Страница не найдена | Файл: C:\OSPanel\domains\ishop2.loc\vendor\ishop\core\Router.php | Строка: 32 
==============
[2020-04-20 09:04:31] Текст ошибки: Страница не найдена | Файл: C:\OSPanel\domains\ishop2.loc\vendor\ishop\core\Router.php | Строка: 32 
==============
[2020-04-20 09:04:31] Текст ошибки: Страница не найдена | Файл: C:\OSPanel\domains\ishop2.loc\vendor\ishop\core\Router.php | Строка: 32 
==============
[2020-04-20 09:04:31] Текст ошибки: Страница не найдена | Файл: C:\OSPanel\domains\ishop2.loc\vendor\ishop\core\Router.php | Строка: 32 
==============
[2020-04-20 09:04:31] Текст ошибки: Страница не найдена | Файл: C:\OSPanel\domains\ishop2.loc\vendor\ishop\core\Router.php | Строка: 32 
==============
[2020-04-20 09:04:31] Текст ошибки: Страница не найдена | Файл: C:\OSPanel\domains\ishop2.loc\vendor\ishop\core\Router.php | Строка: 32 
==============
[2020-04-20 09:04:31] Текст ошибки: Страница не найдена | Файл: C:\OSPanel\domains\ishop2.loc\vendor\ishop\core\Router.php | Строка: 32 
==============
[2020-04-20 09:04:31] Текст ошибки: Страница не найдена | Файл: C:\OSPanel\domains\ishop2.loc\vendor\ishop\core\Router.php | Строка: 32 
==============
[2020-04-20 09:04:31] Текст ошибки: Страница не найдена | Файл: C:\OSPanel\domains\ishop2.loc\vendor\ishop\core\Router.php | Строка: 32 
==============
[2020-04-20 09:04:31] Текст ошибки: Страница не найдена | Файл: C:\OSPanel\domains\ishop2.loc\vendor\ishop\core\Router.php | Строка: 32 
==============
[2020-04-20 09:04:31] Текст ошибки: Страница не найдена | Файл: C:\OSPanel\domains\ishop2.loc\vendor\ishop\core\Router.php | Строка: 32 
==============
[2020-04-20 09:04:31] Текст ошибки: Страница не найдена | Файл: C:\OSPanel\domains\ishop2.loc\vendor\ishop\core\Router.php | Строка: 32 
==============
[2020-04-20 09:04:31] Текст ошибки: Страница не найдена | Файл: C:\OSPanel\domains\ishop2.loc\vendor\ishop\core\Router.php | Строка: 32 
==============
[2020-04-20 09:04:32] Текст ошибки: Страница не найдена | Файл: C:\OSPanel\domains\ishop2.loc\vendor\ishop\core\Router.php | Строка: 32 
==============
[2020-04-20 09:04:47] Текст ошибки: Страница не найдена | Файл: C:\OSPanel\domains\ishop2.loc\vendor\ishop\core\Router.php | Строка: 32 
==============
[2020-04-20 09:04:47] Текст ошибки: Страница не найдена | Файл: C:\OSPanel\domains\ishop2.loc\vendor\ishop\core\Router.php | Строка: 32 
==============
[2020-04-20 09:04:47] Текст ошибки: Страница не найдена | Файл: C:\OSPanel\domains\ishop2.loc\vendor\ishop\core\Router.php | Строка: 32 
==============
[2020-04-20 09:04:47] Текст ошибки: Страница не найдена | Файл: C:\OSPanel\domains\ishop2.loc\vendor\ishop\core\Router.php | Строка: 32 
==============
[2020-04-20 09:04:47] Текст ошибки: Страница не найдена | Файл: C:\OSPanel\domains\ishop2.loc\vendor\ishop\core\Router.php | Строка: 32 
==============
[2020-04-20 09:04:47] Текст ошибки: Страница не найдена | Файл: C:\OSPanel\domains\ishop2.loc\vendor\ishop\core\Router.php | Строка: 32 
==============
[2020-04-20 09:04:47] Текст ошибки: Страница не найдена | Файл: C:\OSPanel\domains\ishop2.loc\vendor\ishop\core\Router.php | Строка: 32 
==============
[2020-04-20 09:04:47] Текст ошибки: Страница не найдена | Файл: C:\OSPanel\domains\ishop2.loc\vendor\ishop\core\Router.php | Строка: 32 
==============
[2020-04-20 09:04:47] Текст ошибки: Страница не найдена | Файл: C:\OSPanel\domains\ishop2.loc\vendor\ishop\core\Router.php | Строка: 32 
==============
[2020-04-20 09:04:47] Текст ошибки: Страница не найдена | Файл: C:\OSPanel\domains\ishop2.loc\vendor\ishop\core\Router.php | Строка: 32 
==============
[2020-04-20 09:04:47] Текст ошибки: Страница не найдена | Файл: C:\OSPanel\domains\ishop2.loc\vendor\ishop\core\Router.php | Строка: 32 
==============
[2020-04-20 09:04:48] Текст ошибки: Страница не найдена | Файл: C:\OSPanel\domains\ishop2.loc\vendor\ishop\core\Router.php | Строка: 32 
==============
[2020-04-20 09:04:48] Текст ошибки: Страница не найдена | Файл: C:\OSPanel\domains\ishop2.loc\vendor\ishop\core\Router.php | Строка: 32 
==============
[2020-04-20 09:04:48] Текст ошибки: Страница не найдена | Файл: C:\OSPanel\domains\ishop2.loc\vendor\ishop\core\Router.php | Строка: 32 
==============
[2020-04-20 09:04:48] Текст ошибки: Страница не найдена | Файл: C:\OSPanel\domains\ishop2.loc\vendor\ishop\core\Router.php | Строка: 32 
==============
[2020-04-20 09:04:48] Текст ошибки: Страница не найдена | Файл: C:\OSPanel\domains\ishop2.loc\vendor\ishop\core\Router.php | Строка: 32 
==============
[2020-04-20 09:04:48] Текст ошибки: Страница не найдена | Файл: C:\OSPanel\domains\ishop2.loc\vendor\ishop\core\Router.php | Строка: 32 
==============
[2020-04-20 09:04:48] Текст ошибки: Страница не найдена | Файл: C:\OSPanel\domains\ishop2.loc\vendor\ishop\core\Router.php | Строка: 32 
==============
[2020-04-20 09:04:48] Текст ошибки: Страница не найдена | Файл: C:\OSPanel\domains\ishop2.loc\vendor\ishop\core\Router.php | Строка: 32 
==============
[2020-04-20 09:04:48] Текст ошибки: Страница не найдена | Файл: C:\OSPanel\domains\ishop2.loc\vendor\ishop\core\Router.php | Строка: 32 
==============
[2020-04-20 09:04:48] Текст ошибки: Страница не найдена | Файл: C:\OSPanel\domains\ishop2.loc\vendor\ishop\core\Router.php | Строка: 32 
==============
[2020-04-20 09:04:48] Текст ошибки: Страница не найдена | Файл: C:\OSPanel\domains\ishop2.loc\vendor\ishop\core\Router.php | Строка: 32 
==============
[2020-04-20 09:04:48] Текст ошибки: Страница не найдена | Файл: C:\OSPanel\domains\ishop2.loc\vendor\ishop\core\Router.php | Строка: 32 
==============
[2020-04-20 09:04:49] Текст ошибки: Страница не найдена | Файл: C:\OSPanel\domains\ishop2.loc\vendor\ishop\core\Router.php | Строка: 32 
==============
[2020-04-20 09:04:49] Текст ошибки: Страница не найдена | Файл: C:\OSPanel\domains\ishop2.loc\vendor\ishop\core\Router.php | Строка: 32 
==============
[2020-04-20 09:04:49] Текст ошибки: Страница не найдена | Файл: C:\OSPanel\domains\ishop2.loc\vendor\ishop\core\Router.php | Строка: 32 
==============
[2020-04-20 09:04:49] Текст ошибки: Страница не найдена | Файл: C:\OSPanel\domains\ishop2.loc\vendor\ishop\core\Router.php | Строка: 32 
==============
[2020-04-20 09:04:49] Текст ошибки: Страница не найдена | Файл: C:\OSPanel\domains\ishop2.loc\vendor\ishop\core\Router.php | Строка: 32 
==============
[2020-04-20 09:04:49] Текст ошибки: Страница не найдена | Файл: C:\OSPanel\domains\ishop2.loc\vendor\ishop\core\Router.php | Строка: 32 
==============
[2020-04-20 09:04:49] Текст ошибки: Страница не найдена | Файл: C:\OSPanel\domains\ishop2.loc\vendor\ishop\core\Router.php | Строка: 32 
==============
[2020-04-20 09:04:50] Текст ошибки: Страница не найдена | Файл: C:\OSPanel\domains\ishop2.loc\vendor\ishop\core\Router.php | Строка: 32 
==============
[2020-04-20 11:37:42] Текст ошибки: Страница не найдена | Файл: C:\OSPanel\domains\ishop2.loc\vendor\ishop\core\Router.php | Строка: 32 
==============
[2020-04-20 12:31:58] Текст ошибки: SQLSTATE[42S22]: Column not found: 1054 Unknown column 'admin' in 'where clause' | Файл: C:\OSPanel\domains\ishop2.loc\vendor\gabordemooij\redbean\RedBeanPHP\Driver\RPDO.php | Строка: 194 
==============
[2020-04-20 12:34:15] Текст ошибки: SQLSTATE[42S22]: Column not found: 1054 Unknown column 'admin' in 'where clause' | Файл: C:\OSPanel\domains\ishop2.loc\vendor\gabordemooij\redbean\RedBeanPHP\Driver\RPDO.php | Строка: 194 
==============
[2020-04-20 12:36:20] Текст ошибки: SQLSTATE[42S22]: Column not found: 1054 Unknown column 'admin' in 'where clause' | Файл: C:\OSPanel\domains\ishop2.loc\vendor\gabordemooij\redbean\RedBeanPHP\Driver\RPDO.php | Строка: 194 
==============
[2020-04-20 12:38:08] Текст ошибки: SQLSTATE[42S22]: Column not found: 1054 Unknown column 'user' in 'where clause' | Файл: C:\OSPanel\domains\ishop2.loc\vendor\gabordemooij\redbean\RedBeanPHP\Driver\RPDO.php | Строка: 194 
==============
[2020-04-20 12:38:53] Текст ошибки: SQLSTATE[42S22]: Column not found: 1054 Unknown column 'admin' in 'where clause' | Файл: C:\OSPanel\domains\ishop2.loc\vendor\gabordemooij\redbean\RedBeanPHP\Driver\RPDO.php | Строка: 194 
==============
[2020-04-20 12:39:19] Текст ошибки: SQLSTATE[42S22]: Column not found: 1054 Unknown column 'admin' in 'where clause' | Файл: C:\OSPanel\domains\ishop2.loc\vendor\gabordemooij\redbean\RedBeanPHP\Driver\RPDO.php | Строка: 194 
==============
[2020-04-20 12:41:49] Текст ошибки: SQLSTATE[42S22]: Column not found: 1054 Unknown column 'admin' in 'where clause' | Файл: C:\OSPanel\domains\ishop2.loc\vendor\gabordemooij\redbean\RedBeanPHP\Driver\RPDO.php | Строка: 194 
==============
[2020-04-20 12:45:01] Текст ошибки: SQLSTATE[42S22]: Column not found: 1054 Unknown column 'admin' in 'where clause' | Файл: C:\OSPanel\domains\ishop2.loc\vendor\gabordemooij\redbean\RedBeanPHP\Driver\RPDO.php | Строка: 194 
==============
[2020-04-20 12:45:52] Текст ошибки: SQLSTATE[42000]: Syntax error or access violation: 1064 You have an error in your SQL syntax; check the manual that corresponds to your MySQL server version for the right syntax to use near '@mail.ru  AND login = 'xvxvZC' LIMIT 1   -- keep-cache' at line 1 | Файл: C:\OSPanel\domains\ishop2.loc\vendor\gabordemooij\redbean\RedBeanPHP\Driver\RPDO.php | Строка: 194 
==============
[2020-04-20 12:46:58] Текст ошибки: SQLSTATE[42S22]: Column not found: 1054 Unknown column 'KSenia' in 'where clause' | Файл: C:\OSPanel\domains\ishop2.loc\vendor\gabordemooij\redbean\RedBeanPHP\Driver\RPDO.php | Строка: 194 
==============
[2020-04-20 12:49:41] Текст ошибки: SQLSTATE[42S22]: Column not found: 1054 Unknown column 'admin' in 'where clause' | Файл: C:\OSPanel\domains\ishop2.loc\vendor\gabordemooij\redbean\RedBeanPHP\Driver\RPDO.php | Строка: 194 
==============
[2020-04-20 13:12:30] Текст ошибки: Class 'R' not found | Файл: C:\OSPanel\domains\ishop2.loc\app\views\layouts\admin.php | Строка: 620 
==============
[2020-04-20 13:13:28] Текст ошибки: Class 'R' not found | Файл: C:\OSPanel\domains\ishop2.loc\app\views\layouts\admin.php | Строка: 620 
==============
[2020-04-20 13:13:38] Текст ошибки: Class 'R' not found | Файл: C:\OSPanel\domains\ishop2.loc\app\views\layouts\admin.php | Строка: 620 
==============
[2020-04-20 13:13:46] Текст ошибки: Class 'R' not found | Файл: C:\OSPanel\domains\ishop2.loc\app\views\layouts\admin.php | Строка: 620 
==============
[2020-04-20 13:23:41] Текст ошибки: Class 'R' not found | Файл: C:\OSPanel\domains\ishop2.loc\app\views\layouts\admin.php | Строка: 599 
==============
[2020-04-20 13:24:51] Текст ошибки: Class 'R' not found | Файл: C:\OSPanel\domains\ishop2.loc\app\views\layouts\admin.php | Строка: 599 
==============
[2020-04-22 13:30:03] Текст ошибки: syntax error, unexpected ';', expecting ')' | Файл: C:\OSPanel\domains\ishop2.loc\app\controllers\admin\OrderController.php | Строка: 30 
==============
[2020-04-22 13:46:18] Текст ошибки: Страница не найдена | Файл: C:\OSPanel\domains\ishop2.loc\vendor\ishop\core\Router.php | Строка: 32 
==============
[2020-04-22 15:34:09] Текст ошибки: Страница не найдена | Файл: C:\OSPanel\domains\ishop2.loc\app\controllers\admin\AppController.php | Строка: 31 
==============
[2020-04-22 15:40:53] Текст ошибки: Не найден вид C:\OSPanel\domains\ishop2.loc/app/views/admin\Order/view.php | Файл: C:\OSPanel\domains\ishop2.loc\vendor\ishop\core\base\View.php | Строка: 41 
==============
[2020-04-23 14:44:27] Текст ошибки: Метод editAction в контроллере app\controllers\admin\UserController не найден | Файл: C:\OSPanel\domains\ishop2.loc\vendor\ishop\core\Router.php | Строка: 42 
==============
[2020-04-23 15:35:42] Текст ошибки: Метод deleteAction в контроллере app\controllers\admin\OrderController не найден | Файл: C:\OSPanel\domains\ishop2.loc\vendor\ishop\core\Router.php | Строка: 42 
==============
[2020-04-23 15:52:30] Текст ошибки: Не найден вид C:\OSPanel\domains\ishop2.loc/app/views/admin\Order/change.php | Файл: C:\OSPanel\domains\ishop2.loc\vendor\ishop\core\base\View.php | Строка: 41 
==============
[2020-04-23 16:43:19] Текст ошибки: SQLSTATE[42S02]: Base table or view not found: 1146 Table 'ishop2.status' doesn't exist | Файл: C:\OSPanel\domains\ishop2.loc\vendor\gabordemooij\redbean\RedBeanPHP\Driver\RPDO.php | Строка: 194 
==============
[2020-04-23 19:16:02] Текст ошибки: SQLSTATE[01000]: Warning: 1265 Data truncated for column 'status' at row 1 | Файл: C:\OSPanel\domains\ishop2.loc\vendor\gabordemooij\redbean\RedBeanPHP\Driver\RPDO.php | Строка: 194 
==============
[2020-04-23 19:19:16] Текст ошибки: SQLSTATE[01000]: Warning: 1265 Data truncated for column 'status' at row 1 | Файл: C:\OSPanel\domains\ishop2.loc\vendor\gabordemooij\redbean\RedBeanPHP\Driver\RPDO.php | Строка: 194 
==============
[2020-04-23 19:28:56] Текст ошибки: SQLSTATE[01000]: Warning: 1265 Data truncated for column 'status' at row 1 | Файл: C:\OSPanel\domains\ishop2.loc\vendor\gabordemooij\redbean\RedBeanPHP\Driver\RPDO.php | Строка: 194 
==============
[2020-04-23 19:49:41] Текст ошибки: SQLSTATE[01000]: Warning: 1265 Data truncated for column 'status' at row 1 | Файл: C:\OSPanel\domains\ishop2.loc\vendor\gabordemooij\redbean\RedBeanPHP\Driver\RPDO.php | Строка: 194 
==============
[2020-04-23 20:02:52] Текст ошибки: Не найден вид C:\OSPanel\domains\ishop2.loc/app/views/admin\Order/change.php | Файл: C:\OSPanel\domains\ishop2.loc\vendor\ishop\core\base\View.php | Строка: 41 
==============
[2020-04-23 20:05:38] Текст ошибки: Не найден вид C:\OSPanel\domains\ishop2.loc/app/views/admin\Order/change.php | Файл: C:\OSPanel\domains\ishop2.loc\vendor\ishop\core\base\View.php | Строка: 41 
==============
[2020-04-23 20:07:00] Текст ошибки: syntax error, unexpected ')' | Файл: C:\OSPanel\domains\ishop2.loc\app\views\admin\Order\view.php | Строка: 6 
==============
[2020-04-23 20:07:02] Текст ошибки: syntax error, unexpected ')' | Файл: C:\OSPanel\domains\ishop2.loc\app\views\admin\Order\view.php | Строка: 6 
==============
[2020-04-23 20:07:09] Текст ошибки: syntax error, unexpected ')' | Файл: C:\OSPanel\domains\ishop2.loc\app\views\admin\Order\view.php | Строка: 6 
==============
[2020-04-23 20:07:20] Текст ошибки: syntax error, unexpected ')' | Файл: C:\OSPanel\domains\ishop2.loc\app\views\admin\Order\view.php | Строка: 6 
==============
[2020-04-23 20:07:24] Текст ошибки: syntax error, unexpected ')' | Файл: C:\OSPanel\domains\ishop2.loc\app\views\admin\Order\view.php | Строка: 6 
==============
[2020-04-23 20:07:43] Текст ошибки: SQLSTATE[01000]: Warning: 1265 Data truncated for column 'status' at row 1 | Файл: C:\OSPanel\domains\ishop2.loc\vendor\gabordemooij\redbean\RedBeanPHP\Driver\RPDO.php | Строка: 194 
==============
[2020-04-23 20:09:25] Текст ошибки: Не найден вид C:\OSPanel\domains\ishop2.loc/app/views/admin\Order/change.php | Файл: C:\OSPanel\domains\ishop2.loc\vendor\ishop\core\base\View.php | Строка: 41 
==============
[2020-05-01 10:28:38] Текст ошибки: Страница не найдена | Файл: C:\OSPanel\domains\ishop2.loc\vendor\ishop\core\Router.php | Строка: 32 
==============
[2020-05-01 10:30:01] Текст ошибки: Метод editAction в контроллере app\controllers\admin\CategoryController не найден | Файл: C:\OSPanel\domains\ishop2.loc\vendor\ishop\core\Router.php | Строка: 42 
==============
[2020-05-01 10:34:55] Текст ошибки: SQLSTATE[42000]: Syntax error or access violation: 1064 You have an error in your SQL syntax; check the manual that corresponds to your MySQL server version for the right syntax to use near '' at line 1 | Файл: C:\OSPanel\domains\ishop2.loc\vendor\gabordemooij\redbean\RedBeanPHP\Driver\RPDO.php | Строка: 194 
==============
[2020-05-01 10:36:48] Текст ошибки: SQLSTATE[42000]: Syntax error or access violation: 1064 You have an error in your SQL syntax; check the manual that corresponds to your MySQL server version for the right syntax to use near '' at line 1 | Файл: C:\OSPanel\domains\ishop2.loc\vendor\gabordemooij\redbean\RedBeanPHP\Driver\RPDO.php | Строка: 194 
==============
[2020-05-01 12:12:26] Текст ошибки: Метод addAction в контроллере app\controllers\admin\CategoryController не найден | Файл: C:\OSPanel\domains\ishop2.loc\vendor\ishop\core\Router.php | Строка: 42 
==============
[2020-05-01 12:17:08] Текст ошибки: Метод editAction в контроллере app\controllers\admin\CategoryController не найден | Файл: C:\OSPanel\domains\ishop2.loc\vendor\ishop\core\Router.php | Строка: 42 
==============
[2020-05-01 12:54:46] Текст ошибки: Метод editAction в контроллере app\controllers\admin\CategoryController не найден | Файл: C:\OSPanel\domains\ishop2.loc\vendor\ishop\core\Router.php | Строка: 42 
==============
[2020-05-03 13:28:34] Текст ошибки: syntax error, unexpected ';', expecting ']' | Файл: C:\OSPanel\domains\ishop2.loc\app\views\admin\Category\add.php | Строка: 39 
==============
[2020-05-03 13:28:50] Текст ошибки: syntax error, unexpected ';', expecting ']' | Файл: C:\OSPanel\domains\ishop2.loc\app\views\admin\Category\add.php | Строка: 39 
==============
[2020-05-03 14:38:30] Текст ошибки: syntax error, unexpected '$str' (T_VARIABLE), expecting ',' or ';' | Файл: C:\OSPanel\domains\ishop2.loc\app\models\AppModel.php | Строка: 28 
==============
[2020-05-03 14:38:39] Текст ошибки: syntax error, unexpected '$str' (T_VARIABLE), expecting ',' or ';' | Файл: C:\OSPanel\domains\ishop2.loc\app\models\AppModel.php | Строка: 28 
==============
[2020-05-04 15:05:23] Текст ошибки: Страница не найдена | Файл: C:\OSPanel\domains\ishop2.loc\app\controllers\admin\AppController.php | Строка: 31 
==============
[2020-05-09 16:19:33] Текст ошибки: Метод indexAction в контроллере app\controllers\admin\UserController не найден | Файл: C:\OSPanel\domains\ishop2.loc\vendor\ishop\core\Router.php | Строка: 42 
==============
[2020-05-10 15:15:33] Текст ошибки: syntax error, unexpected 'echo' (T_ECHO), expecting function (T_FUNCTION) or const (T_CONST) | Файл: C:\OSPanel\domains\ishop2.loc\app\controllers\admin\UserController.php | Строка: 66 
==============
[2020-05-10 15:18:18] Текст ошибки: syntax error, unexpected 'public' (T_PUBLIC) | Файл: C:\OSPanel\domains\ishop2.loc\app\controllers\admin\UserController.php | Строка: 69 
==============
[2020-05-10 15:20:24] Текст ошибки: Не найден вид C:\OSPanel\domains\ishop2.loc/app/views/admin\User/edit.php | Файл: C:\OSPanel\domains\ishop2.loc\vendor\ishop\core\base\View.php | Строка: 41 
==============
[2020-05-10 15:21:38] Текст ошибки: Страница не найдена | Файл: C:\OSPanel\domains\ishop2.loc\vendor\ishop\core\Router.php | Строка: 32 
==============
[2020-05-11 13:48:53] Текст ошибки: Контроллер не найден: app\controllers\admin\ProductController | Файл: C:\OSPanel\domains\ishop2.loc\vendor\ishop\core\Router.php | Строка: 37 
==============
[2020-05-11 13:48:53] Текст ошибки: Страница не найдена | Файл: C:\OSPanel\domains\ishop2.loc\vendor\ishop\core\Router.php | Строка: 32 
==============
[2020-05-11 14:14:51] Текст ошибки: Class 'app\controllers\admin\Pagination' not found | Файл: C:\OSPanel\domains\ishop2.loc\app\controllers\admin\ProductController.php | Строка: 14 
==============
[2020-05-11 15:00:05] Текст ошибки: syntax error, unexpected '}', expecting ';' | Файл: C:\OSPanel\domains\ishop2.loc\app\views\admin\Product\add.php | Строка: 91 
==============
[2020-05-11 15:00:29] Текст ошибки: syntax error, unexpected '}', expecting ';' | Файл: C:\OSPanel\domains\ishop2.loc\app\views\admin\Product\add.php | Строка: 91 
==============
[2020-05-11 15:50:02] Текст ошибки: SQLSTATE[HY000]: General error: 1364 Field 'brand_id' doesn't have a default value | Файл: C:\OSPanel\domains\ishop2.loc\vendor\gabordemooij\redbean\RedBeanPHP\Driver\RPDO.php | Строка: 194 
==============
[2020-05-17 15:50:18] Текст ошибки: SQLSTATE[23000]: Integrity constraint violation: 1062 Duplicate entry '' for key 'alias' | Файл: C:\OSPanel\domains\ishop2.loc\vendor\gabordemooij\redbean\RedBeanPHP\Driver\RPDO.php | Строка: 194 
==============
[2020-05-17 15:51:42] Текст ошибки: SQLSTATE[23000]: Integrity constraint violation: 1062 Duplicate entry '' for key 'alias' | Файл: C:\OSPanel\domains\ishop2.loc\vendor\gabordemooij\redbean\RedBeanPHP\Driver\RPDO.php | Строка: 194 
==============
[2020-05-17 15:51:59] Текст ошибки: SQLSTATE[01000]: Warning: 1265 Data truncated for column 'hit' at row 1 | Файл: C:\OSPanel\domains\ishop2.loc\vendor\gabordemooij\redbean\RedBeanPHP\Driver\RPDO.php | Строка: 194 
==============
[2020-05-17 15:59:44] Текст ошибки: SQLSTATE[01000]: Warning: 1265 Data truncated for column 'hit' at row 1 | Файл: C:\OSPanel\domains\ishop2.loc\vendor\gabordemooij\redbean\RedBeanPHP\Driver\RPDO.php | Строка: 194 
==============
[2020-05-17 16:10:42] Текст ошибки: SQLSTATE[23000]: Integrity constraint violation: 1062 Duplicate entry '' for key 'alias' | Файл: C:\OSPanel\domains\ishop2.loc\vendor\gabordemooij\redbean\RedBeanPHP\Driver\RPDO.php | Строка: 194 
==============
[2020-05-17 16:11:23] Текст ошибки: SQLSTATE[23000]: Integrity constraint violation: 1062 Duplicate entry '' for key 'alias' | Файл: C:\OSPanel\domains\ishop2.loc\vendor\gabordemooij\redbean\RedBeanPHP\Driver\RPDO.php | Строка: 194 
==============
[2020-05-24 13:05:34] Текст ошибки: Страница не найдена | Файл: C:\OSPanel\domains\ishop2.loc\vendor\ishop\core\Router.php | Строка: 32 
==============
[2020-05-24 13:05:42] Текст ошибки: Страница не найдена | Файл: C:\OSPanel\domains\ishop2.loc\vendor\ishop\core\Router.php | Строка: 32 
==============
[2020-05-24 13:08:36] Текст ошибки: Страница не найдена | Файл: C:\OSPanel\domains\ishop2.loc\vendor\ishop\core\Router.php | Строка: 32 
==============
[2020-05-24 13:10:14] Текст ошибки: Страница не найдена | Файл: C:\OSPanel\domains\ishop2.loc\vendor\ishop\core\Router.php | Строка: 32 
==============
[2020-05-24 13:11:37] Текст ошибки: Страница не найдена | Файл: C:\OSPanel\domains\ishop2.loc\vendor\ishop\core\Router.php | Строка: 32 
==============
[2020-05-24 13:26:57] Текст ошибки: Страница не найдена | Файл: C:\OSPanel\domains\ishop2.loc\vendor\ishop\core\Router.php | Строка: 32 
==============
[2020-05-24 13:46:03] Текст ошибки: Страница не найдена | Файл: C:\OSPanel\domains\ishop2.loc\vendor\ishop\core\Router.php | Строка: 32 
==============
[2020-05-24 14:02:40] Текст ошибки: Метод viewAction в контроллере app\controllers\admin\ProductController не найден | Файл: C:\OSPanel\domains\ishop2.loc\vendor\ishop\core\Router.php | Строка: 42 
==============
[2020-05-24 14:02:59] Текст ошибки: Страница product/zhenskie-chasy-fioletovye не найдена | Файл: C:\OSPanel\domains\ishop2.loc\app\controllers\ProductController.php | Строка: 17 
==============
[2020-05-24 14:03:27] Текст ошибки: Страница product/gmw-b5000d-1e не найдена | Файл: C:\OSPanel\domains\ishop2.loc\app\controllers\ProductController.php | Строка: 17 
==============
[2020-05-24 14:03:58] Текст ошибки: Страница product/zhenskie-chasy-fioletovye не найдена | Файл: C:\OSPanel\domains\ishop2.loc\app\controllers\ProductController.php | Строка: 17 
==============
[2020-05-24 14:05:06] Текст ошибки: Страница product/gmw-b5000d-1e не найдена | Файл: C:\OSPanel\domains\ishop2.loc\app\controllers\ProductController.php | Строка: 17 
==============
[2020-05-24 20:07:27] Текст ошибки: syntax error, unexpected '}', expecting end of file | Файл: C:\OSPanel\domains\ishop2.loc\app\models\admin\Product.php | Строка: 77 
==============
[2020-05-25 18:43:11] Текст ошибки: syntax error, unexpected '$this' (T_VARIABLE), expecting function (T_FUNCTION) or const (T_CONST) | Файл: C:\OSPanel\domains\ishop2.loc\app\controllers\admin\ProductController.php | Строка: 53 
==============
[2020-05-25 18:45:12] Текст ошибки: syntax error, unexpected end of file, expecting function (T_FUNCTION) or const (T_CONST) | Файл: C:\OSPanel\domains\ishop2.loc\app\controllers\admin\ProductController.php | Строка: 57 
==============
[2020-05-25 19:09:32] Текст ошибки: SQLSTATE[42000]: Syntax error or access violation: 1064 You have an error in your SQL syntax; check the manual that corresponds to your MySQL server version for the right syntax to use near '' at line 1 | Файл: C:\OSPanel\domains\ishop2.loc\vendor\gabordemooij\redbean\RedBeanPHP\Driver\RPDO.php | Строка: 194 
==============
[2020-05-25 19:10:12] Текст ошибки: SQLSTATE[42000]: Syntax error or access violation: 1064 You have an error in your SQL syntax; check the manual that corresponds to your MySQL server version for the right syntax to use near '' at line 1 | Файл: C:\OSPanel\domains\ishop2.loc\vendor\gabordemooij\redbean\RedBeanPHP\Driver\RPDO.php | Строка: 194 
==============
[2020-05-25 19:11:02] Текст ошибки: SQLSTATE[42000]: Syntax error or access violation: 1064 You have an error in your SQL syntax; check the manual that corresponds to your MySQL server version for the right syntax to use near '' at line 1 | Файл: C:\OSPanel\domains\ishop2.loc\vendor\gabordemooij\redbean\RedBeanPHP\Driver\RPDO.php | Строка: 194 
==============
[2020-05-31 14:50:44] Текст ошибки: Страница не найдена | Файл: C:\OSPanel\domains\ishop2.loc\vendor\ishop\core\Router.php | Строка: 32 
==============
[2020-05-31 15:23:41] Текст ошибки: Страница product/related-product не найдена | Файл: C:\OSPanel\domains\ishop2.loc\app\controllers\ProductController.php | Строка: 17 
==============
[2020-05-31 15:24:13] Текст ошибки: Страница product/related-product не найдена | Файл: C:\OSPanel\domains\ishop2.loc\app\controllers\ProductController.php | Строка: 17 
==============
[2020-05-31 15:25:49] Текст ошибки: Страница product/related-product не найдена | Файл: C:\OSPanel\domains\ishop2.loc\app\controllers\ProductController.php | Строка: 17 
==============
[2020-05-31 15:32:21] Текст ошибки: Метод relatedProductAction в контроллере app\controllers\admin\ProductController не найден | Файл: C:\OSPanel\domains\ishop2.loc\vendor\ishop\core\Router.php | Строка: 42 
==============
[2020-05-31 15:32:30] Текст ошибки: Метод relatedProductAction в контроллере app\controllers\admin\ProductController не найден | Файл: C:\OSPanel\domains\ishop2.loc\vendor\ishop\core\Router.php | Строка: 42 
==============
[2020-05-31 15:32:32] Текст ошибки: Метод relatedProductAction в контроллере app\controllers\admin\ProductController не найден | Файл: C:\OSPanel\domains\ishop2.loc\vendor\ishop\core\Router.php | Строка: 42 
==============
[2020-05-31 15:32:43] Текст ошибки: Метод relatedProductAction в контроллере app\controllers\admin\ProductController не найден | Файл: C:\OSPanel\domains\ishop2.loc\vendor\ishop\core\Router.php | Строка: 42 
==============
[2020-05-31 15:32:53] Текст ошибки: Метод relatedProductAction в контроллере app\controllers\admin\ProductController не найден | Файл: C:\OSPanel\domains\ishop2.loc\vendor\ishop\core\Router.php | Строка: 42 
==============
[2020-05-31 15:33:12] Текст ошибки: Метод relatedProductAction в контроллере app\controllers\admin\ProductController не найден | Файл: C:\OSPanel\domains\ishop2.loc\vendor\ishop\core\Router.php | Строка: 42 
==============
[2020-05-31 15:35:44] Текст ошибки: Метод relatedProductAction в контроллере app\controllers\admin\ProductController не найден | Файл: C:\OSPanel\domains\ishop2.loc\vendor\ishop\core\Router.php | Строка: 42 
==============
[2020-06-08 16:27:20] Текст ошибки: Метод addImageAction в контроллере app\controllers\admin\ProductController не найден | Файл: C:\OSPanel\domains\ishop2.loc\vendor\ishop\core\Router.php | Строка: 42 
==============
[2020-06-08 16:40:44] Текст ошибки: Не найден вид C:\OSPanel\domains\ishop2.loc/app/views/admin\Product/add-image.php | Файл: C:\OSPanel\domains\ishop2.loc\vendor\ishop\core\base\View.php | Строка: 41 
==============
[2020-06-08 16:41:58] Текст ошибки: Не найден вид C:\OSPanel\domains\ishop2.loc/app/views/admin\Product/add-image.php | Файл: C:\OSPanel\domains\ishop2.loc\vendor\ishop\core\base\View.php | Строка: 41 
==============
[2020-06-08 16:42:14] Текст ошибки: Не найден вид C:\OSPanel\domains\ishop2.loc/app/views/admin\Product/add-image.php | Файл: C:\OSPanel\domains\ishop2.loc\vendor\ishop\core\base\View.php | Строка: 41 
==============
[2020-06-08 16:42:55] Текст ошибки: Метод addImageAction в контроллере app\controllers\admin\ProductController не найден | Файл: C:\OSPanel\domains\ishop2.loc\vendor\ishop\core\Router.php | Строка: 42 
==============
[2020-06-08 16:44:10] Текст ошибки: Не найден вид C:\OSPanel\domains\ishop2.loc/app/views/admin\Product/add-image.php | Файл: C:\OSPanel\domains\ishop2.loc\vendor\ishop\core\base\View.php | Строка: 41 
==============
[2020-06-08 16:49:52] Текст ошибки: Не найден вид C:\OSPanel\domains\ishop2.loc/app/views/admin\Product/add-image.php | Файл: C:\OSPanel\domains\ishop2.loc\vendor\ishop\core\base\View.php | Строка: 41 
==============
[2020-06-08 16:51:34] Текст ошибки: Не найден вид C:\OSPanel\domains\ishop2.loc/app/views/admin\Product/add-image.php | Файл: C:\OSPanel\domains\ishop2.loc\vendor\ishop\core\base\View.php | Строка: 41 
==============
[2020-06-08 16:51:45] Текст ошибки: Не найден вид C:\OSPanel\domains\ishop2.loc/app/views/admin\Product/add-image.php | Файл: C:\OSPanel\domains\ishop2.loc\vendor\ishop\core\base\View.php | Строка: 41 
==============
[2020-06-08 16:54:27] Текст ошибки: Не найден вид C:\OSPanel\domains\ishop2.loc/app/views/admin\Product/add-image.php | Файл: C:\OSPanel\domains\ishop2.loc\vendor\ishop\core\base\View.php | Строка: 41 
==============
[2020-06-08 16:55:43] Текст ошибки: Не найден вид C:\OSPanel\domains\ishop2.loc/app/views/admin\Product/add-image.php | Файл: C:\OSPanel\domains\ishop2.loc\vendor\ishop\core\base\View.php | Строка: 41 
==============
[2020-06-08 16:56:03] Текст ошибки: Не найден вид C:\OSPanel\domains\ishop2.loc/app/views/admin\Product/add-image.php | Файл: C:\OSPanel\domains\ishop2.loc\vendor\ishop\core\base\View.php | Строка: 41 
==============
[2020-06-08 16:56:40] Текст ошибки: Не найден вид C:\OSPanel\domains\ishop2.loc/app/views/admin\Product/add-image.php | Файл: C:\OSPanel\domains\ishop2.loc\vendor\ishop\core\base\View.php | Строка: 41 
==============
[2020-06-08 16:59:23] Текст ошибки: Не найден вид C:\OSPanel\domains\ishop2.loc/app/views/admin\Product/add-image.php | Файл: C:\OSPanel\domains\ishop2.loc\vendor\ishop\core\base\View.php | Строка: 41 
==============
[2020-06-08 17:13:05] Текст ошибки: Не найден вид C:\OSPanel\domains\ishop2.loc/app/views/admin\Product/add-image.php | Файл: C:\OSPanel\domains\ishop2.loc\vendor\ishop\core\base\View.php | Строка: 41 
==============
[2020-06-10 11:42:22] Текст ошибки: Контроллер не найден: app\controllers\ImagesController | Файл: C:\OSPanel\domains\ishop2.loc\vendor\ishop\core\Router.php | Строка: 37 
==============
[2020-06-10 11:44:29] Текст ошибки: Контроллер не найден: app\controllers\ImagesController | Файл: C:\OSPanel\domains\ishop2.loc\vendor\ishop\core\Router.php | Строка: 37 
==============
[2020-06-10 11:44:52] Текст ошибки: Контроллер не найден: app\controllers\ImagesController | Файл: C:\OSPanel\domains\ishop2.loc\vendor\ishop\core\Router.php | Строка: 37 
==============
[2020-06-10 11:45:53] Текст ошибки: Контроллер не найден: app\controllers\ImagesController | Файл: C:\OSPanel\domains\ishop2.loc\vendor\ishop\core\Router.php | Строка: 37 
==============
[2020-06-10 11:46:08] Текст ошибки: Контроллер не найден: app\controllers\ImagesController | Файл: C:\OSPanel\domains\ishop2.loc\vendor\ishop\core\Router.php | Строка: 37 
==============
[2020-06-10 11:46:56] Текст ошибки: Контроллер не найден: app\controllers\ImagesController | Файл: C:\OSPanel\domains\ishop2.loc\vendor\ishop\core\Router.php | Строка: 37 
==============
[2020-06-10 11:50:21] Текст ошибки: Контроллер не найден: app\controllers\ImagesController | Файл: C:\OSPanel\domains\ishop2.loc\vendor\ishop\core\Router.php | Строка: 37 
==============
[2020-06-10 11:52:06] Текст ошибки: Контроллер не найден: app\controllers\ImagesController | Файл: C:\OSPanel\domains\ishop2.loc\vendor\ishop\core\Router.php | Строка: 37 
==============
[2020-06-10 11:53:33] Текст ошибки: Контроллер не найден: app\controllers\ImagesController | Файл: C:\OSPanel\domains\ishop2.loc\vendor\ishop\core\Router.php | Строка: 37 
==============
[2020-06-10 11:55:42] Текст ошибки: Контроллер не найден: app\controllers\ImagesController | Файл: C:\OSPanel\domains\ishop2.loc\vendor\ishop\core\Router.php | Строка: 37 
==============
[2020-06-10 11:56:16] Текст ошибки: Контроллер не найден: app\controllers\ImagesController | Файл: C:\OSPanel\domains\ishop2.loc\vendor\ishop\core\Router.php | Строка: 37 
==============
[2020-06-10 11:57:55] Текст ошибки: Страница не найдена | Файл: C:\OSPanel\domains\ishop2.loc\vendor\ishop\core\Router.php | Строка: 32 
==============
[2020-06-21 15:09:59] Текст ошибки: Страница не найдена | Файл: C:\OSPanel\domains\ishop2.loc\vendor\ishop\core\Router.php | Строка: 32 
==============
[2020-06-25 16:05:44] Текст ошибки: Страница не найдена | Файл: C:\OSPanel\domains\ishop2.loc\vendor\ishop\core\Router.php | Строка: 32 
==============
[2020-06-25 16:05:46] Текст ошибки: Страница не найдена | Файл: C:\OSPanel\domains\ishop2.loc\vendor\ishop\core\Router.php | Строка: 32 
==============
[2020-06-25 16:14:16] Текст ошибки: Страница не найдена | Файл: C:\OSPanel\domains\ishop2.loc\vendor\ishop\core\Router.php | Строка: 32 
==============
[2020-06-25 16:14:17] Текст ошибки: Страница не найдена | Файл: C:\OSPanel\domains\ishop2.loc\vendor\ishop\core\Router.php | Строка: 32 
==============
[2020-06-25 16:14:23] Текст ошибки: Страница не найдена | Файл: C:\OSPanel\domains\ishop2.loc\vendor\ishop\core\Router.php | Строка: 32 
==============
[2020-06-25 16:14:23] Текст ошибки: Страница не найдена | Файл: C:\OSPanel\domains\ishop2.loc\vendor\ishop\core\Router.php | Строка: 32 
==============
[2020-06-25 16:14:24] Текст ошибки: Страница не найдена | Файл: C:\OSPanel\domains\ishop2.loc\vendor\ishop\core\Router.php | Строка: 32 
==============
[2020-06-25 16:14:24] Текст ошибки: Страница не найдена | Файл: C:\OSPanel\domains\ishop2.loc\vendor\ishop\core\Router.php | Строка: 32 
==============
